<?xml version="1.0" encoding="UTF-8"?>
<testng-results skipped="0" failed="0" total="1" passed="1">
  <reporter-output>
  </reporter-output>
  <suite name="Default suite" duration-ms="35432" started-at="2024-02-01T21:52:07Z" finished-at="2024-02-01T21:52:42Z">
    <groups>
    </groups>
    <test name="Default test" duration-ms="35432" started-at="2024-02-01T21:52:07Z" finished-at="2024-02-01T21:52:42Z">
      <class name="tests.TestNGTests">
        <test-method status="PASS" signature="beforeMethod()[pri:0, instance:tests.TestNGTests@91161c7]" name="beforeMethod" is-config="true" duration-ms="10" started-at="2024-02-01T16:52:07Z" finished-at="2024-02-01T16:52:07Z">
          <reporter-output>
          </reporter-output>
        </test-method> <!-- beforeMethod -->
        <test-method status="PASS" signature="secondTest()[pri:0, instance:tests.TestNGTests@91161c7]" name="secondTest" duration-ms="35116" started-at="2024-02-01T16:52:07Z" finished-at="2024-02-01T16:52:42Z">
          <reporter-output>
          </reporter-output>
        </test-method> <!-- secondTest -->
        <test-method status="PASS" signature="afterMethod()[pri:0, instance:tests.TestNGTests@91161c7]" name="afterMethod" is-config="true" duration-ms="285" started-at="2024-02-01T16:52:42Z" finished-at="2024-02-01T16:52:42Z">
          <reporter-output>
          </reporter-output>
        </test-method> <!-- afterMethod -->
      </class> <!-- tests.TestNGTests -->
    </test> <!-- Default test -->
  </suite> <!-- Default suite -->
</testng-results>
